<?xml version="1.0" encoding="UTF-8"?>
<testsuite xmlns:xsi="http://www.w3.org/2001/XMLSchema-instance" xsi:noNamespaceSchemaLocation="https://maven.apache.org/surefire/maven-surefire-plugin/xsd/surefire-test-report-3.0.xsd" version="3.0" name="TestSuite" time="18.091" tests="1" errors="0" skipped="0" failures="0">
  <properties>
[...]
</properties>
  <testcase name="testTheFashion" classname="org.info.vtiger.testscripts.rflipkartAutomationScript" time="17.374">
    <system-out><![CDATA[firefoxbrowser launch successfully
https://www.flipkart.com hit url successfully
]]></system-out>
    <system-err><![CDATA[SLF4J(W): No SLF4J providers were found.
SLF4J(W): Defaulting to no-operation (NOP) logger implementation
SLF4J(W): See https://www.slf4j.org/codes.html#noProviders for further details.
fashionclick on clicked successfully
clickOnMenUspa on clicked successfully
]]></system-err>
  </testcase>
</testsuite>