<?xml version="1.0" encoding="UTF-8"?>
<testng-results ignored="2" total="3" passed="1" failed="0" skipped="0">
  <reporter-output>
  </reporter-output>
  <suite started-at="2025-05-07T12:43:51 IST" name="flipkart automation" finished-at="2025-05-07T12:44:02 IST" duration-ms="11306">
    <groups>
    </groups>
    <test started-at="2025-05-07T12:43:51 IST" name="flifkart testing" finished-at="2025-05-07T12:44:02 IST" duration-ms="11306">
      <class name="org.info.vtiger.testscripts.rflipkartAutomationScript">
        <test-method signature="testTheFashion()[pri:0, instance:org.info.vtiger.testscripts.rflipkartAutomationScript@67c27493]" started-at="2025-05-07T12:43:51 IST" name="testTheFashion" finished-at="2025-05-07T12:44:02 IST" duration-ms="11258" status="PASS">
          <reporter-output>
          </reporter-output>
        </test-method> <!-- testTheFashion -->
      </class> <!-- org.info.vtiger.testscripts.rflipkartAutomationScript -->
    </test> <!-- flifkart testing -->
  </suite> <!-- flipkart automation -->
</testng-results>
