<?xml version="1.0" encoding="UTF-8"?>
<!-- Generated by org.testng.reporters.JUnitXMLReporter -->
<testsuite ignored="0" hostname="LAPTOP-BJOH59EG" failures="0" tests="2" name="Default test" time="75.418" errors="0" timestamp="2025-05-07T11:57:00 IST">
  <testcase classname="org.info.vtiger.testscripts.rflipkartAutomationScript" name="testTheSearchingProduct" time="68.88"/>
  <testcase classname="org.info.vtiger.testscripts.rflipkartAutomationScript" name="testTheTMobiles_Tablets" time="6.495"/>
</testsuite> <!-- Default test -->
