<?xml version="1.0" encoding="UTF-8"?>
<testng-results ignored="0" total="1" passed="1" failed="0" skipped="0">
  <reporter-output>
  </reporter-output>
  <suite started-at="2025-06-24T11:28:03 IST" name="Default suite" finished-at="2025-06-24T11:28:04 IST" duration-ms="947">
    <groups>
    </groups>
    <test started-at="2025-06-24T11:28:03 IST" name="Default test" finished-at="2025-06-24T11:28:04 IST" duration-ms="947">
      <class name="com.eva.read.Excel">
        <test-method signature="excelDataRead()[pri:0, instance:com.eva.read.Excel@34123d65]" started-at="2025-06-24T11:28:03 IST" name="excelDataRead" finished-at="2025-06-24T11:28:04 IST" duration-ms="883" status="PASS">
          <reporter-output>
          </reporter-output>
        </test-method> <!-- excelDataRead -->
      </class> <!-- com.eva.read.Excel -->
    </test> <!-- Default test -->
  </suite> <!-- Default suite -->
</testng-results>
