<?xml version="1.0" encoding="UTF-8"?>
<!-- Generated by org.testng.reporters.JUnitXMLReporter -->
<testsuite ignored="2" hostname="LAPTOP-BJOH59EG" failures="0" tests="1" name="flifkart testing" time="17.437" errors="0" timestamp="2025-05-07T14:32:51 IST">
  <testcase classname="org.info.vtiger.testscripts.rflipkartAutomationScript" name="testTheFashion" time="17.368"/>
  <testcase classname="org.info.vtiger.testscripts.rflipkartAutomationScript" name="testTheTMobiles_Tablets" time="0.0">
    <ignored/>
  </testcase> <!-- testTheTMobiles_Tablets -->
  <testcase classname="org.info.vtiger.testscripts.rflipkartAutomationScript" name="testTheSearchingProduct" time="0.0">
    <ignored/>
  </testcase> <!-- testTheSearchingProduct -->
</testsuite> <!-- flifkart testing -->
